kotlin version: 2.0.21
error message: org.jetbrains.kotlin.backend.common.BackendException: Backend Internal error: Exception during IR lowering
File being compiled: H:/2025/qm_app/app/src/main/java/com/example/qm_app/components/toast/Toast.kt
The root cause java.lang.RuntimeException was thrown at: org.jetbrains.kotlin.backend.jvm.codegen.FunctionCodegen.generate(FunctionCodegen.kt:47)
	at org.jetbrains.kotlin.backend.common.CodegenUtil.reportBackendException(CodegenUtil.kt:253)
	at org.jetbrains.kotlin.backend.common.CodegenUtil.reportBackendException$default(CodegenUtil.kt:236)
	at org.jetbrains.kotlin.backend.common.phaser.PerformByIrFilePhase.invokeSequential(performByIrFile.kt:65)
	at org.jetbrains.kotlin.backend.common.phaser.PerformByIrFilePhase.invoke(performByIrFile.kt:52)
	at org.jetbrains.kotlin.backend.common.phaser.PerformByIrFilePhase.invoke(performByIrFile.kt:38)
	at org.jetbrains.kotlin.backend.common.phaser.NamedCompilerPhase.phaseBody(CompilerPhase.kt:166)
	at org.jetbrains.kotlin.backend.common.phaser.AbstractNamedCompilerPhase.invoke(CompilerPhase.kt:113)
	at org.jetbrains.kotlin.backend.common.phaser.CompositePhase.invoke(PhaseBuilders.kt:27)
	at org.jetbrains.kotlin.backend.common.phaser.CompositePhase.invoke(PhaseBuilders.kt:14)
	at org.jetbrains.kotlin.backend.common.phaser.NamedCompilerPhase.phaseBody(CompilerPhase.kt:166)
	at org.jetbrains.kotlin.backend.common.phaser.AbstractNamedCompilerPhase.invoke(CompilerPhase.kt:113)
	at org.jetbrains.kotlin.backend.common.phaser.CompilerPhaseKt.invokeToplevel(CompilerPhase.kt:62)
	at org.jetbrains.kotlin.backend.jvm.JvmIrCodegenFactory.invokeCodegen(JvmIrCodegenFactory.kt:371)
	at org.jetbrains.kotlin.codegen.CodegenFactory.generateModule(CodegenFactory.kt:47)
	at org.jetbrains.kotlin.backend.jvm.JvmIrCodegenFactory.generateModuleInFrontendIRMode(JvmIrCodegenFactory.kt:433)
	at org.jetbrains.kotlin.cli.jvm.compiler.pipeline.JvmCompilerPipelineKt.generateCodeFromIr(jvmCompilerPipeline.kt:246)
	at org.jetbrains.kotlin.cli.jvm.compiler.pipeline.JvmCompilerPipelineKt.compileModulesUsingFrontendIrAndLightTree(jvmCompilerPipeline.kt:142)
	at org.jetbrains.kotlin.cli.jvm.K2JVMCompiler.doExecute(K2JVMCompiler.kt:148)
	at org.jetbrains.kotlin.cli.jvm.K2JVMCompiler.doExecute(K2JVMCompiler.kt:43)
	at org.jetbrains.kotlin.cli.common.CLICompiler.execImpl(CLICompiler.kt:103)
	at org.jetbrains.kotlin.cli.common.CLICompiler.execImpl(CLICompiler.kt:49)
	at org.jetbrains.kotlin.cli.common.CLITool.exec(CLITool.kt:101)
	at org.jetbrains.kotlin.incremental.IncrementalJvmCompilerRunner.runCompiler(IncrementalJvmCompilerRunner.kt:464)
	at org.jetbrains.kotlin.incremental.IncrementalJvmCompilerRunner.runCompiler(IncrementalJvmCompilerRunner.kt:73)
	at org.jetbrains.kotlin.incremental.IncrementalCompilerRunner.doCompile(IncrementalCompilerRunner.kt:506)
	at org.jetbrains.kotlin.incremental.IncrementalCompilerRunner.compileImpl(IncrementalCompilerRunner.kt:423)
	at org.jetbrains.kotlin.incremental.IncrementalCompilerRunner.tryCompileIncrementally$lambda$9$compile(IncrementalCompilerRunner.kt:249)
	at org.jetbrains.kotlin.incremental.IncrementalCompilerRunner.tryCompileIncrementally(IncrementalCompilerRunner.kt:267)
	at org.jetbrains.kotlin.incremental.IncrementalCompilerRunner.compile(IncrementalCompilerRunner.kt:120)
	at org.jetbrains.kotlin.daemon.CompileServiceImplBase.execIncrementalCompiler(CompileServiceImpl.kt:675)
	at org.jetbrains.kotlin.daemon.CompileServiceImplBase.access$execIncrementalCompiler(CompileServiceImpl.kt:92)
	at org.jetbrains.kotlin.daemon.CompileServiceImpl.compile(CompileServiceImpl.kt:1660)
	at java.base/jdk.internal.reflect.DirectMethodHandleAccessor.invoke(Unknown Source)
	at java.base/java.lang.reflect.Method.invoke(Unknown Source)
	at java.rmi/sun.rmi.server.UnicastServerRef.dispatch(Unknown Source)
	at java.rmi/sun.rmi.transport.Transport$1.run(Unknown Source)
	at java.rmi/sun.rmi.transport.Transport$1.run(Unknown Source)
	at java.base/java.security.AccessController.doPrivileged(Unknown Source)
	at java.rmi/sun.rmi.transport.Transport.serviceCall(Unknown Source)
	at java.rmi/sun.rmi.transport.tcp.TCPTransport.handleMessages(Unknown Source)
	at java.rmi/sun.rmi.transport.tcp.TCPTransport$ConnectionHandler.run0(Unknown Source)
	at java.rmi/sun.rmi.transport.tcp.TCPTransport$ConnectionHandler.lambda$run$0(Unknown Source)
	at java.base/java.security.AccessController.doPrivileged(Unknown Source)
	at java.rmi/sun.rmi.transport.tcp.TCPTransport$ConnectionHandler.run(Unknown Source)
	at java.base/java.util.concurrent.ThreadPoolExecutor.runWorker(Unknown Source)
	at java.base/java.util.concurrent.ThreadPoolExecutor$Worker.run(Unknown Source)
	at java.base/java.lang.Thread.run(Unknown Source)
Caused by: java.lang.RuntimeException: Exception while generating code for:
FUN name:show visibility:public modality:FINAL <> ($this:com.example.qm_app.components.toast.ToastOverlay, view:android.view.View, content:kotlin.Function2<androidx.compose.runtime.Composer, kotlin.Int, kotlin.Unit>) returnType:kotlin.Unit
  annotations:
    ComposableInferredTarget(scheme = "[0[0]]")
  $this: VALUE_PARAMETER name:<this> type:com.example.qm_app.components.toast.ToastOverlay
  VALUE_PARAMETER name:view index:0 type:android.view.View
  VALUE_PARAMETER name:content index:1 type:kotlin.Function2<androidx.compose.runtime.Composer, kotlin.Int, kotlin.Unit>
  BLOCK_BODY
    VAR name:frameLayout type:android.widget.FrameLayout [val]
      CALL 'public final fun apply <T> (block: @[ExtensionFunctionType] kotlin.Function1<T of kotlin.StandardKt.apply, kotlin.Unit>): T of kotlin.StandardKt.apply [inline] declared in kotlin.StandardKt' type=android.widget.FrameLayout origin=null
        <T>: android.widget.FrameLayout
        $receiver: CONSTRUCTOR_CALL 'public constructor <init> (p0: @[EnhancedNullability] android.content.Context) declared in android.widget.FrameLayout' type=android.widget.FrameLayout origin=null
          p0: CALL 'public final fun getContext (): @[FlexibleNullability] android.content.Context? declared in android.view.View' type=@[FlexibleNullability] android.content.Context? origin=GET_PROPERTY
            $this: GET_VAR 'view: android.view.View declared in com.example.qm_app.components.toast.ToastOverlay.show' type=android.view.View origin=null
        block: BLOCK type=@[ExtensionFunctionType] kotlin.Function1<android.widget.FrameLayout, kotlin.Unit> origin=LAMBDA
          COMPOSITE type=kotlin.Unit origin=null
          FUNCTION_REFERENCE 'private final fun show$lambda$0 (): kotlin.Unit declared in com.example.qm_app.components.toast.ToastOverlay' type=@[ExtensionFunctionType] kotlin.Function1<android.widget.FrameLayout, kotlin.Unit> origin=INLINE_LAMBDA reflectionTarget=null
    VAR name:composeView type:androidx.compose.ui.platform.ComposeView [val]
      CALL 'public final fun apply <T> (block: @[ExtensionFunctionType] kotlin.Function1<T of kotlin.StandardKt.apply, kotlin.Unit>): T of kotlin.StandardKt.apply [inline] declared in kotlin.StandardKt' type=androidx.compose.ui.platform.ComposeView origin=null
        <T>: androidx.compose.ui.platform.ComposeView
        $receiver: CONSTRUCTOR_CALL 'public constructor <init> (context: android.content.Context, attrs: android.util.AttributeSet?, defStyleAttr: kotlin.Int, $mask0: kotlin.Int, $marker: kotlin.jvm.internal.DefaultConstructorMarker?) declared in androidx.compose.ui.platform.ComposeView' type=androidx.compose.ui.platform.ComposeView origin=DEFAULT_DISPATCH_CALL
          context: BLOCK type=android.content.Context origin=null
            VAR IR_TEMPORARY_VARIABLE name:tmp0 type:kotlin.Any? [val]
              CALL 'public final fun getContext (): @[FlexibleNullability] android.content.Context? declared in android.view.View' type=@[FlexibleNullability] android.content.Context? origin=GET_PROPERTY
                $this: GET_VAR 'view: android.view.View declared in com.example.qm_app.components.toast.ToastOverlay.show' type=android.view.View origin=null
            CALL 'public final fun checkNotNullExpressionValue (value: kotlin.Any?, expression: kotlin.String): kotlin.Unit declared in kotlin.jvm.internal.Intrinsics' type=kotlin.Unit origin=null
              value: GET_VAR 'val tmp0: kotlin.Any? [val] declared in com.example.qm_app.components.toast.ToastOverlay.show' type=kotlin.Any? origin=null
              expression: CONST String type=kotlin.String value="getContext(...)"
            GET_VAR 'val tmp0: kotlin.Any? [val] declared in com.example.qm_app.components.toast.ToastOverlay.show' type=kotlin.Any? origin=null
          attrs: COMPOSITE type=android.util.AttributeSet? origin=DEFAULT_VALUE
            CONST Null type=android.util.AttributeSet? value=null
          defStyleAttr: COMPOSITE type=kotlin.Int origin=DEFAULT_VALUE
            CONST Int type=kotlin.Int value=0
          $mask0: CONST Int type=kotlin.Int value=6
          $marker: CONST Null type=kotlin.jvm.internal.DefaultConstructorMarker? value=null
        block: BLOCK type=@[ExtensionFunctionType] kotlin.Function1<androidx.compose.ui.platform.ComposeView, kotlin.Unit> origin=LAMBDA
          COMPOSITE type=kotlin.Unit origin=null
          FUNCTION_REFERENCE 'private final fun show$lambda$3 ($view: android.view.View): kotlin.Unit declared in com.example.qm_app.components.toast.ToastOverlay' type=@[ExtensionFunctionType] kotlin.Function1<androidx.compose.ui.platform.ComposeView, kotlin.Unit> origin=INLINE_LAMBDA reflectionTarget=null
            $view: GET_VAR 'view: android.view.View declared in com.example.qm_app.components.toast.ToastOverlay.show' type=android.view.View origin=null
    CALL 'public final fun setContent (content: kotlin.Function2<androidx.compose.runtime.Composer, kotlin.Int, kotlin.Unit>): kotlin.Unit declared in androidx.compose.ui.platform.ComposeView' type=kotlin.Unit origin=null
      $this: GET_VAR 'val composeView: androidx.compose.ui.platform.ComposeView [val] declared in com.example.qm_app.components.toast.ToastOverlay.show' type=androidx.compose.ui.platform.ComposeView origin=null
      content: CALL 'public final fun composableLambdaInstance (key: kotlin.Int, tracked: kotlin.Boolean, block: kotlin.Any): androidx.compose.runtime.internal.ComposableLambda declared in androidx.compose.runtime.internal.ComposableLambdaKt' type=androidx.compose.runtime.internal.ComposableLambda origin=null
        key: CONST Int type=kotlin.Int value=1162955253
        tracked: CONST Boolean type=kotlin.Boolean value=true
        block: BLOCK type=com.example.qm_app.components.toast.ToastOverlay.show.<no name provided> origin=null
          CLASS LAMBDA_IMPL CLASS name:<no name provided> modality:FINAL visibility:public/*package*/ superTypes:[kotlin.Any; kotlin.Function2<androidx.compose.runtime.Composer, kotlin.Int, kotlin.Unit>]
            $this: VALUE_PARAMETER INSTANCE_RECEIVER name:<this> type:com.example.qm_app.components.toast.ToastOverlay.show.<no name provided>
            CONSTRUCTOR GENERATED_MEMBER_IN_CALLABLE_REFERENCE visibility:public/*package*/ <> ($content:kotlin.Function2<androidx.compose.runtime.Composer, kotlin.Int, kotlin.Unit>) returnType:com.example.qm_app.components.toast.ToastOverlay.show.<no name provided> [primary]
              VALUE_PARAMETER BOUND_VALUE_PARAMETER name:$content index:0 type:kotlin.Function2<androidx.compose.runtime.Composer, kotlin.Int, kotlin.Unit>
              BLOCK_BODY
                SET_FIELD 'FIELD FIELD_FOR_CAPTURED_VALUE name:$content type:kotlin.Function2<androidx.compose.runtime.Composer, kotlin.Int, kotlin.Unit> visibility:public/*package*/ [final] declared in com.example.qm_app.components.toast.ToastOverlay.show.<no name provided>' type=kotlin.Unit origin=INITIALIZER_OF_FIELD_FOR_CAPTURED_VALUE
                  receiver: GET_VAR '<this>: com.example.qm_app.components.toast.ToastOverlay.show.<no name provided> declared in com.example.qm_app.components.toast.ToastOverlay.show.<no name provided>' type=com.example.qm_app.components.toast.ToastOverlay.show.<no name provided> origin=null
                  value: GET_VAR '$content: kotlin.Function2<androidx.compose.runtime.Composer, kotlin.Int, kotlin.Unit> declared in com.example.qm_app.components.toast.ToastOverlay.show.<no name provided>.<init>' type=kotlin.Function2<androidx.compose.runtime.Composer, kotlin.Int, kotlin.Unit> origin=null
                DELEGATING_CONSTRUCTOR_CALL 'public constructor <init> () [primary] declared in kotlin.Any'
                BLOCK type=kotlin.Unit origin=null
            FUN name:invoke visibility:public modality:FINAL <> ($this:com.example.qm_app.components.toast.ToastOverlay.show.<no name provided>, $composer:androidx.compose.runtime.Composer?, $changed:kotlin.Int) returnType:kotlin.Unit
              annotations:
                Composable
              overridden:
                public abstract fun invoke (p1: P1 of kotlin.Function2, p2: P2 of kotlin.Function2): R of kotlin.Function2 [operator] declared in kotlin.Function2
              $this: VALUE_PARAMETER INSTANCE_RECEIVER name:<this> type:com.example.qm_app.components.toast.ToastOverlay.show.<no name provided>
              VALUE_PARAMETER name:$composer index:0 type:androidx.compose.runtime.Composer? [assignable]
              VALUE_PARAMETER name:$changed index:1 type:kotlin.Int
              BLOCK_BODY
                CALL 'public final fun sourceInformation (composer: androidx.compose.runtime.Composer, sourceInformation: kotlin.String): kotlin.Unit declared in androidx.compose.runtime.ComposerKt' type=kotlin.Unit origin=null
                  composer: GET_VAR '$composer: androidx.compose.runtime.Composer? [assignable] declared in com.example.qm_app.components.toast.ToastOverlay.show.<no name provided>.invoke' type=androidx.compose.runtime.Composer? origin=null
                  sourceInformation: CONST String type=kotlin.String value="C139@5191L41,139@5183L49:Toast.kt#sv0h0y"
                WHEN type=kotlin.Unit origin=IF
                  BRANCH
                    if: CALL 'public final fun OROR (arg0: kotlin.Boolean, arg1: kotlin.Boolean): kotlin.Boolean declared in kotlin.internal.ir' type=kotlin.Boolean origin=null
                      arg0: CALL 'public final fun not (): kotlin.Boolean [operator] declared in kotlin.Boolean' type=kotlin.Boolean origin=null
                        $this: CALL 'public final fun EQEQ (arg0: kotlin.Any?, arg1: kotlin.Any?): kotlin.Boolean declared in kotlin.internal.ir' type=kotlin.Boolean origin=null
                          arg0: CALL 'public final fun and (other: kotlin.Int): kotlin.Int [infix] declared in kotlin.Int' type=kotlin.Int origin=null
                            $this: GET_VAR '$changed: kotlin.Int declared in com.example.qm_app.components.toast.ToastOverlay.show.<no name provided>.invoke' type=kotlin.Int origin=null
                            other: CONST Int type=kotlin.Int value=3
                          arg1: CONST Int type=kotlin.Int value=2
                      arg1: CALL 'public final fun not (): kotlin.Boolean [operator] declared in kotlin.Boolean' type=kotlin.Boolean origin=null
                        $this: CALL 'public abstract fun <get-skipping> (): kotlin.Boolean declared in androidx.compose.runtime.Composer' type=kotlin.Boolean origin=null
                          $this: GET_VAR '$composer: androidx.compose.runtime.Composer? [assignable] declared in com.example.qm_app.components.toast.ToastOverlay.show.<no name provided>.invoke' type=androidx.compose.runtime.Composer? origin=null
                    then: BLOCK type=kotlin.Unit origin=null
                      WHEN type=kotlin.Unit origin=IF
                        BRANCH
                          if: CALL 'public final fun isTraceInProgress (): kotlin.Boolean declared in androidx.compose.runtime.ComposerKt' type=kotlin.Boolean origin=null
                          then: CALL 'public final fun traceEventStart (key: kotlin.Int, dirty1: kotlin.Int, dirty2: kotlin.Int, info: kotlin.String): kotlin.Unit declared in androidx.compose.runtime.ComposerKt' type=kotlin.Unit origin=null
                            key: CONST Int type=kotlin.Int value=1162955253
                            dirty1: GET_VAR '$changed: kotlin.Int declared in com.example.qm_app.components.toast.ToastOverlay.show.<no name provided>.invoke' type=kotlin.Int origin=null
                            dirty2: CONST Int type=kotlin.Int value=-1
                            info: CONST String type=kotlin.String value="com.example.qm_app.components.toast.ToastOverlay.show.<anonymous> (Toast.kt:139)"
                      CALL 'public final fun QmTheme (darkTheme: kotlin.Boolean, content: kotlin.Function2<androidx.compose.runtime.Composer, kotlin.Int, kotlin.Unit>, $composer: androidx.compose.runtime.Composer?, $changed: kotlin.Int, $default: kotlin.Int): kotlin.Unit declared in com.example.qm_app.ui.theme.ThemeKt' type=kotlin.Unit origin=null
                        darkTheme: COMPOSITE type=kotlin.Boolean origin=DEFAULT_VALUE
                          CONST Boolean type=kotlin.Boolean value=false
                        content: CALL 'public final fun rememberComposableLambda (key: kotlin.Int, tracked: kotlin.Boolean, block: kotlin.Any, $composer: androidx.compose.runtime.Composer?, $changed: kotlin.Int): androidx.compose.runtime.internal.ComposableLambda declared in androidx.compose.runtime.internal.ComposableLambdaKt' type=androidx.compose.runtime.internal.ComposableLambda origin=null
                          key: CONST Int type=kotlin.Int value=-2002391562
                          tracked: CONST Boolean type=kotlin.Boolean value=true
                          block: BLOCK type=com.example.qm_app.components.toast.ToastOverlay.show.<no name provided>.invoke.<no name provided> origin=null
                            CLASS LAMBDA_IMPL CLASS name:<no name provided> modality:FINAL visibility:public/*package*/ superTypes:[kotlin.Any; kotlin.Function2<androidx.compose.runtime.Composer, kotlin.Int, kotlin.Unit>]
                              $this: VALUE_PARAMETER INSTANCE_RECEIVER name:<this> type:com.example.qm_app.components.toast.ToastOverlay.show.<no name provided>.invoke.<no name provided>
                              CONSTRUCTOR GENERATED_MEMBER_IN_CALLABLE_REFERENCE visibility:public/*package*/ <> ($content:kotlin.Function2<androidx.compose.runtime.Composer, kotlin.Int, kotlin.Unit>) returnType:com.example.qm_app.components.toast.ToastOverlay.show.<no name provided>.invoke.<no name provided> [primary]
                                VALUE_PARAMETER BOUND_VALUE_PARAMETER name:$content index:0 type:kotlin.Function2<androidx.compose.runtime.Composer, kotlin.Int, kotlin.Unit>
                                BLOCK_BODY
                                  SET_FIELD 'FIELD FIELD_FOR_CAPTURED_VALUE name:$content type:kotlin.Function2<androidx.compose.runtime.Composer, kotlin.Int, kotlin.Unit> visibility:public/*package*/ [final] declared in com.example.qm_app.components.toast.ToastOverlay.show.<no name provided>.invoke.<no name provided>' type=kotlin.Unit origin=INITIALIZER_OF_FIELD_FOR_CAPTURED_VALUE
                                    receiver: GET_VAR '<this>: com.example.qm_app.components.toast.ToastOverlay.show.<no name provided>.invoke.<no name provided> declared in com.example.qm_app.components.toast.ToastOverlay.show.<no name provided>.invoke.<no name provided>' type=com.example.qm_app.components.toast.ToastOverlay.show.<no name provided>.invoke.<no name provided> origin=null
                                    value: GET_VAR '$content: kotlin.Function2<androidx.compose.runtime.Composer, kotlin.Int, kotlin.Unit> declared in com.example.qm_app.components.toast.ToastOverlay.show.<no name provided>.invoke.<no name provided>.<init>' type=kotlin.Function2<androidx.compose.runtime.Composer, kotlin.Int, kotlin.Unit> origin=null
                                  DELEGATING_CONSTRUCTOR_CALL 'public constructor <init> () [primary] declared in kotlin.Any'
                                  BLOCK type=kotlin.Unit origin=null
                              FUN name:invoke visibility:public modality:FINAL <> ($this:com.example.qm_app.components.toast.ToastOverlay.show.<no name provided>.invoke.<no name provided>, $composer:androidx.compose.runtime.Composer?, $changed:kotlin.Int) returnType:kotlin.Unit
                                annotations:
                                  Composable
                                overridden:
                                  public abstract fun invoke (p1: P1 of kotlin.Function2, p2: P2 of kotlin.Function2): R of kotlin.Function2 [operator] declared in kotlin.Function2
                                $this: VALUE_PARAMETER INSTANCE_RECEIVER name:<this> type:com.example.qm_app.components.toast.ToastOverlay.show.<no name provided>.invoke.<no name provided>
                                VALUE_PARAMETER name:$composer index:0 type:androidx.compose.runtime.Composer? [assignable]
                                VALUE_PARAMETER name:$changed index:1 type:kotlin.Int
                                BLOCK_BODY
                                  CALL 'public final fun sourceInformation (composer: androidx.compose.runtime.Composer, sourceInformation: kotlin.String): kotlin.Unit declared in androidx.compose.runtime.ComposerKt' type=kotlin.Unit origin=null
                                    composer: GET_VAR '$composer: androidx.compose.runtime.Composer? [assignable] declared in com.example.qm_app.components.toast.ToastOverlay.show.<no name provided>.invoke.<no name provided>.invoke' type=androidx.compose.runtime.Composer? origin=null
                                    sourceInformation: CONST String type=kotlin.String value="C140@5209L9:Toast.kt#sv0h0y"
                                  WHEN type=kotlin.Unit origin=IF
                                    BRANCH
                                      if: CALL 'public final fun OROR (arg0: kotlin.Boolean, arg1: kotlin.Boolean): kotlin.Boolean declared in kotlin.internal.ir' type=kotlin.Boolean origin=null
                                        arg0: CALL 'public final fun not (): kotlin.Boolean [operator] declared in kotlin.Boolean' type=kotlin.Boolean origin=null
                                          $this: CALL 'public final fun EQEQ (arg0: kotlin.Any?, arg1: kotlin.Any?): kotlin.Boolean declared in kotlin.internal.ir' type=kotlin.Boolean origin=null
                                            arg0: CALL 'public final fun and (other: kotlin.Int): kotlin.Int [infix] declared in kotlin.Int' type=kotlin.Int origin=null
                                              $this: GET_VAR '$changed: kotlin.Int declared in com.example.qm_app.components.toast.ToastOverlay.show.<no name provided>.invoke.<no name provided>.invoke' type=kotlin.Int origin=null
                                              other: CONST Int type=kotlin.Int value=3
                                            arg1: CONST Int type=kotlin.Int value=2
                                        arg1: CALL 'public final fun not (): kotlin.Boolean [operator] declared in kotlin.Boolean' type=kotlin.Boolean origin=null
                                          $this: CALL 'public abstract fun <get-skipping> (): kotlin.Boolean declared in androidx.compose.runtime.Composer' type=kotlin.Boolean origin=null
                                            $this: GET_VAR '$composer: androidx.compose.runtime.Composer? [assignable] declared in com.example.qm_app.components.toast.ToastOverlay.show.<no name provided>.invoke.<no name provided>.invoke' type=androidx.compose.runtime.Composer? origin=null
                                      then: BLOCK type=kotlin.Unit origin=null
                                        WHEN type=kotlin.Unit origin=IF
                                          BRANCH
                                            if: CALL 'public final fun isTraceInProgress (): kotlin.Boolean declared in androidx.compose.runtime.ComposerKt' type=kotlin.Boolean origin=null
                                            then: CALL 'public final fun traceEventStart (key: kotlin.Int, dirty1: kotlin.Int, dirty2: kotlin.Int, info: kotlin.String): kotlin.Unit declared in androidx.compose.runtime.ComposerKt' type=kotlin.Unit origin=null
                                              key: CONST Int type=kotlin.Int value=-2002391562
                                              dirty1: GET_VAR '$changed: kotlin.Int declared in com.example.qm_app.components.toast.ToastOverlay.show.<no name provided>.invoke.<no name provided>.invoke' type=kotlin.Int origin=null
                                              dirty2: CONST Int type=kotlin.Int value=-1
                                              info: CONST String type=kotlin.String value="com.example.qm_app.components.toast.ToastOverlay.show.<anonymous>.<anonymous> (Toast.kt:140)"
                                        CALL 'public abstract fun invoke (p1: P1 of kotlin.Function2, p2: P2 of kotlin.Function2): R of kotlin.Function2 [operator] declared in kotlin.Function2' type=kotlin.Unit origin=null
                                          $this: GET_FIELD 'FIELD FIELD_FOR_CAPTURED_VALUE name:$content type:kotlin.Function2<androidx.compose.runtime.Composer, kotlin.Int, kotlin.Unit> visibility:public/*package*/ [final] declared in com.example.qm_app.components.toast.ToastOverlay.show.<no name provided>.invoke.<no name provided>' type=kotlin.Function2<androidx.compose.runtime.Composer, kotlin.Int, kotlin.Unit> origin=null
                                            receiver: GET_VAR '<this>: com.example.qm_app.components.toast.ToastOverlay.show.<no name provided>.invoke.<no name provided> declared in com.example.qm_app.components.toast.ToastOverlay.show.<no name provided>.invoke.<no name provided>.invoke' type=com.example.qm_app.components.toast.ToastOverlay.show.<no name provided>.invoke.<no name provided> origin=null
                                          p1: GET_VAR '$composer: androidx.compose.runtime.Composer? [assignable] declared in com.example.qm_app.components.toast.ToastOverlay.show.<no name provided>.invoke.<no name provided>.invoke' type=androidx.compose.runtime.Composer? origin=null
                                          p2: CONST Int type=kotlin.Int value=0
                                        WHEN type=kotlin.Unit origin=IF
                                          BRANCH
                                            if: CALL 'public final fun isTraceInProgress (): kotlin.Boolean declared in androidx.compose.runtime.ComposerKt' type=kotlin.Boolean origin=null
                                            then: CALL 'public final fun traceEventEnd (): kotlin.Unit declared in androidx.compose.runtime.ComposerKt' type=kotlin.Unit origin=null
                                    BRANCH
                                      if: CONST Boolean type=kotlin.Boolean value=true
                                      then: CALL 'public abstract fun skipToGroupEnd (): kotlin.Unit declared in androidx.compose.runtime.Composer' type=kotlin.Unit origin=null
                                        $this: GET_VAR '$composer: androidx.compose.runtime.Composer? [assignable] declared in com.example.qm_app.components.toast.ToastOverlay.show.<no name provided>.invoke.<no name provided>.invoke' type=androidx.compose.runtime.Composer? origin=null
                              FIELD FIELD_FOR_CAPTURED_VALUE name:$content type:kotlin.Function2<androidx.compose.runtime.Composer, kotlin.Int, kotlin.Unit> visibility:public/*package*/ [final]
                              FUN BRIDGE name:invoke visibility:public modality:OPEN <> ($this:com.example.qm_app.components.toast.ToastOverlay.show.<no name provided>.invoke.<no name provided>, p1:kotlin.Any?, p2:kotlin.Any?) returnType:kotlin.Any?
                                $this: VALUE_PARAMETER INSTANCE_RECEIVER name:<this> type:com.example.qm_app.components.toast.ToastOverlay.show.<no name provided>.invoke.<no name provided>
                                VALUE_PARAMETER BRIDGE name:p1 index:0 type:kotlin.Any?
                                VALUE_PARAMETER BRIDGE name:p2 index:1 type:kotlin.Any?
                                EXPRESSION_BODY
                                  RETURN type=kotlin.Nothing from='public open fun invoke (p1: kotlin.Any?, p2: kotlin.Any?): kotlin.Any? declared in com.example.qm_app.components.toast.ToastOverlay.show.<no name provided>.invoke.<no name provided>'
                                    CALL 'public final fun invoke ($composer: androidx.compose.runtime.Composer?, $changed: kotlin.Int): kotlin.Unit declared in com.example.qm_app.components.toast.ToastOverlay.show.<no name provided>.invoke.<no name provided>' type=kotlin.Unit origin=BRIDGE_DELEGATION
                                      $this: GET_VAR '<this>: com.example.qm_app.components.toast.ToastOverlay.show.<no name provided>.invoke.<no name provided> declared in com.example.qm_app.components.toast.ToastOverlay.show.<no name provided>.invoke.<no name provided>.invoke' type=com.example.qm_app.components.toast.ToastOverlay.show.<no name provided>.invoke.<no name provided> origin=null
                                      $composer: TYPE_OP type=androidx.compose.runtime.Composer origin=IMPLICIT_CAST typeOperand=androidx.compose.runtime.Composer
                                        GET_VAR 'p1: kotlin.Any? declared in com.example.qm_app.components.toast.ToastOverlay.show.<no name provided>.invoke.<no name provided>.invoke' type=kotlin.Any? origin=null
                                      $changed: TYPE_OP type=kotlin.Int origin=IMPLICIT_CAST typeOperand=kotlin.Int
                                        GET_VAR 'p2: kotlin.Any? declared in com.example.qm_app.components.toast.ToastOverlay.show.<no name provided>.invoke.<no name provided>.invoke' type=kotlin.Any? origin=null
                            CONSTRUCTOR_CALL 'public/*package*/ constructor <init> ($content: kotlin.Function2<androidx.compose.runtime.Composer, kotlin.Int, kotlin.Unit>) [primary] declared in com.example.qm_app.components.toast.ToastOverlay.show.<no name provided>.invoke.<no name provided>' type=com.example.qm_app.components.toast.ToastOverlay.show.<no name provided>.invoke.<no name provided> origin=null
                              $content: GET_FIELD 'FIELD FIELD_FOR_CAPTURED_VALUE name:$content type:kotlin.Function2<androidx.compose.runtime.Composer, kotlin.Int, kotlin.Unit> visibility:public/*package*/ [final] declared in com.example.qm_app.components.toast.ToastOverlay.show.<no name provided>' type=kotlin.Function2<androidx.compose.runtime.Composer, kotlin.Int, kotlin.Unit> origin=null
                                receiver: GET_VAR '<this>: com.example.qm_app.components.toast.ToastOverlay.show.<no name provided> declared in com.example.qm_app.components.toast.ToastOverlay.show.<no name provided>.invoke' type=com.example.qm_app.components.toast.ToastOverlay.show.<no name provided> origin=null
                          $composer: GET_VAR '$composer: androidx.compose.runtime.Composer? [assignable] declared in com.example.qm_app.components.toast.ToastOverlay.show.<no name provided>.invoke' type=androidx.compose.runtime.Composer? origin=null
                          $changed: CONST Int type=kotlin.Int value=54
                        $composer: GET_VAR '$composer: androidx.compose.runtime.Composer? [assignable] declared in com.example.qm_app.components.toast.ToastOverlay.show.<no name provided>.invoke' type=androidx.compose.runtime.Composer? origin=null
                        $changed: CONST Int type=kotlin.Int value=48
                        $default: CONST Int type=kotlin.Int value=1
                      WHEN type=kotlin.Unit origin=IF
                        BRANCH
                          if: CALL 'public final fun isTraceInProgress (): kotlin.Boolean declared in androidx.compose.runtime.ComposerKt' type=kotlin.Boolean origin=null
                          then: CALL 'public final fun traceEventEnd (): kotlin.Unit declared in androidx.compose.runtime.ComposerKt' type=kotlin.Unit origin=null
                  BRANCH
                    if: CONST Boolean type=kotlin.Boolean value=true
                    then: CALL 'public abstract fun skipToGroupEnd (): kotlin.Unit declared in androidx.compose.runtime.Composer' type=kotlin.Unit origin=null
                      $this: GET_VAR '$composer: androidx.compose.runtime.Composer? [assignable] declared in com.example.qm_app.components.toast.ToastOverlay.show.<no name provided>.invoke' type=androidx.compose.runtime.Composer? origin=null
            FIELD FIELD_FOR_CAPTURED_VALUE name:$content type:kotlin.Function2<androidx.compose.runtime.Composer, kotlin.Int, kotlin.Unit> visibility:public/*package*/ [final]
            FUN BRIDGE name:invoke visibility:public modality:OPEN <> ($this:com.example.qm_app.components.toast.ToastOverlay.show.<no name provided>, p1:kotlin.Any?, p2:kotlin.Any?) returnType:kotlin.Any?
              $this: VALUE_PARAMETER INSTANCE_RECEIVER name:<this> type:com.example.qm_app.components.toast.ToastOverlay.show.<no name provided>
              VALUE_PARAMETER BRIDGE name:p1 index:0 type:kotlin.Any?
              VALUE_PARAMETER BRIDGE name:p2 index:1 type:kotlin.Any?
              EXPRESSION_BODY
                RETURN type=kotlin.Nothing from='public open fun invoke (p1: kotlin.Any?, p2: kotlin.Any?): kotlin.Any? declared in com.example.qm_app.components.toast.ToastOverlay.show.<no name provided>'
                  CALL 'public final fun invoke ($composer: androidx.compose.runtime.Composer?, $changed: kotlin.Int): kotlin.Unit declared in com.example.qm_app.components.toast.ToastOverlay.show.<no name provided>' type=kotlin.Unit origin=BRIDGE_DELEGATION
                    $this: GET_VAR '<this>: com.example.qm_app.components.toast.ToastOverlay.show.<no name provided> declared in com.example.qm_app.components.toast.ToastOverlay.show.<no name provided>.invoke' type=com.example.qm_app.components.toast.ToastOverlay.show.<no name provided> origin=null
                    $composer: TYPE_OP type=androidx.compose.runtime.Composer origin=IMPLICIT_CAST typeOperand=androidx.compose.runtime.Composer
                      GET_VAR 'p1: kotlin.Any? declared in com.example.qm_app.components.toast.ToastOverlay.show.<no name provided>.invoke' type=kotlin.Any? origin=null
                    $changed: TYPE_OP type=kotlin.Int origin=IMPLICIT_CAST typeOperand=kotlin.Int
                      GET_VAR 'p2: kotlin.Any? declared in com.example.qm_app.components.toast.ToastOverlay.show.<no name provided>.invoke' type=kotlin.Any? origin=null
          CONSTRUCTOR_CALL 'public/*package*/ constructor <init> ($content: kotlin.Function2<androidx.compose.runtime.Composer, kotlin.Int, kotlin.Unit>) [primary] declared in com.example.qm_app.components.toast.ToastOverlay.show.<no name provided>' type=com.example.qm_app.components.toast.ToastOverlay.show.<no name provided> origin=null
            $content: GET_VAR 'content: kotlin.Function2<androidx.compose.runtime.Composer, kotlin.Int, kotlin.Unit> declared in com.example.qm_app.components.toast.ToastOverlay.show' type=kotlin.Function2<androidx.compose.runtime.Composer, kotlin.Int, kotlin.Unit> origin=null
    CALL 'public open fun addView (p0: @[FlexibleNullability] android.view.View?): kotlin.Unit [fake_override] declared in android.widget.FrameLayout' type=kotlin.Unit origin=null
      $this: GET_VAR 'val frameLayout: android.widget.FrameLayout [val] declared in com.example.qm_app.components.toast.ToastOverlay.show' type=android.widget.FrameLayout origin=null
      p0: GET_VAR 'val composeView: androidx.compose.ui.platform.ComposeView [val] declared in com.example.qm_app.components.toast.ToastOverlay.show' type=androidx.compose.ui.platform.ComposeView origin=null
    CALL 'public open fun addView (p0: @[FlexibleNullability] android.view.View?): kotlin.Unit declared in android.view.ViewGroup' type=kotlin.Unit origin=null
      $this: BLOCK type=android.view.ViewGroup origin=null
        VAR IR_TEMPORARY_VARIABLE name:tmp1 type:kotlin.Any? [val]
          CALL 'public open fun getRootView (): @[FlexibleNullability] android.view.View? declared in android.view.View' type=@[FlexibleNullability] android.view.View? origin=GET_PROPERTY
            $this: GET_VAR 'view: android.view.View declared in com.example.qm_app.components.toast.ToastOverlay.show' type=android.view.View origin=null
        CALL 'public final fun checkNotNull (object: kotlin.Any?, message: kotlin.String): kotlin.Unit declared in kotlin.jvm.internal.Intrinsics' type=kotlin.Unit origin=null
          object: GET_VAR 'val tmp1: kotlin.Any? [val] declared in com.example.qm_app.components.toast.ToastOverlay.show' type=kotlin.Any? origin=null
          message: CONST String type=kotlin.String value="null cannot be cast to non-null type android.view.ViewGroup"
        TYPE_OP type=android.view.ViewGroup? origin=CAST typeOperand=android.view.ViewGroup?
          GET_VAR 'val tmp1: kotlin.Any? [val] declared in com.example.qm_app.components.toast.ToastOverlay.show' type=kotlin.Any? origin=null
      p0: GET_VAR 'val frameLayout: android.widget.FrameLayout [val] declared in com.example.qm_app.components.toast.ToastOverlay.show' type=android.widget.FrameLayout origin=null

	at org.jetbrains.kotlin.backend.jvm.codegen.FunctionCodegen.generate(FunctionCodegen.kt:47)
	at org.jetbrains.kotlin.backend.jvm.codegen.FunctionCodegen.generate$default(FunctionCodegen.kt:40)
	at org.jetbrains.kotlin.backend.jvm.codegen.ClassCodegen.generateMethodNode(ClassCodegen.kt:406)
	at org.jetbrains.kotlin.backend.jvm.codegen.ClassCodegen.generateMethod(ClassCodegen.kt:423)
	at org.jetbrains.kotlin.backend.jvm.codegen.ClassCodegen.generate(ClassCodegen.kt:168)
	at org.jetbrains.kotlin.backend.jvm.FileCodegen.lower(JvmPhases.kt:39)
	at org.jetbrains.kotlin.backend.common.phaser.PhaseFactoriesKt.createFilePhase$lambda$4(PhaseFactories.kt:71)
	at org.jetbrains.kotlin.backend.common.phaser.PhaseBuildersKt$createSimpleNamedCompilerPhase$1.phaseBody(PhaseBuilders.kt:69)
	at org.jetbrains.kotlin.backend.common.phaser.SimpleNamedCompilerPhase.phaseBody(CompilerPhase.kt:226)
	at org.jetbrains.kotlin.backend.common.phaser.AbstractNamedCompilerPhase.invoke(CompilerPhase.kt:113)
	at org.jetbrains.kotlin.backend.common.phaser.PerformByIrFilePhase.invokeSequential(performByIrFile.kt:62)
	... 44 more
Caused by: java.lang.RuntimeException: Exception while generating code for:
FUN INLINE_LAMBDA name:show$lambda$3 visibility:private modality:FINAL <> ($receiver:androidx.compose.ui.platform.ComposeView, $view:android.view.View) returnType:kotlin.Unit
  $receiver: VALUE_PARAMETER name:$this$apply type:androidx.compose.ui.platform.ComposeView
  VALUE_PARAMETER BOUND_VALUE_PARAMETER name:$view index:0 type:android.view.View
  BLOCK_BODY
    VAR name:$i$a$-apply-ToastOverlay$show$composeView$1 type:kotlin.Int [val]
      CONST Int type=kotlin.Int value=0
    CALL 'public open fun setLayoutParams (p0: @[FlexibleNullability] android.view.ViewGroup.LayoutParams?): kotlin.Unit [fake_override] declared in androidx.compose.ui.platform.ComposeView' type=kotlin.Unit origin=EQ
      $this: GET_VAR '$this$apply: androidx.compose.ui.platform.ComposeView declared in com.example.qm_app.components.toast.ToastOverlay.show$lambda$3' type=androidx.compose.ui.platform.ComposeView origin=null
      p0: CALL 'public final fun apply <T> (block: @[ExtensionFunctionType] kotlin.Function1<T of kotlin.StandardKt.apply, kotlin.Unit>): T of kotlin.StandardKt.apply [inline] declared in kotlin.StandardKt' type=android.view.ViewGroup.LayoutParams origin=null
        <T>: android.view.ViewGroup.LayoutParams
        $receiver: CONSTRUCTOR_CALL 'public constructor <init> (p0: kotlin.Int, p1: kotlin.Int) declared in android.view.ViewGroup.LayoutParams' type=android.view.ViewGroup.LayoutParams origin=null
          p0: CONST Int type=kotlin.Int value=-1
          p1: CONST Int type=kotlin.Int value=-1
        block: BLOCK type=@[ExtensionFunctionType] kotlin.Function1<android.view.ViewGroup.LayoutParams, kotlin.Unit> origin=LAMBDA
          COMPOSITE type=kotlin.Unit origin=null
          FUNCTION_REFERENCE 'private final fun show$lambda$3$lambda$1 (): kotlin.Unit declared in com.example.qm_app.components.toast.ToastOverlay' type=@[ExtensionFunctionType] kotlin.Function1<android.view.ViewGroup.LayoutParams, kotlin.Unit> origin=INLINE_LAMBDA reflectionTarget=null
    VAR name:lifecycleOwner type:androidx.lifecycle.LifecycleOwner? [val]
      CALL 'public final fun findViewTreeLifecycleOwner (): androidx.lifecycle.LifecycleOwner? declared in androidx.lifecycle.ViewTreeLifecycleOwner' type=androidx.lifecycle.LifecycleOwner? origin=null
        $receiver: GET_VAR '$view: android.view.View declared in com.example.qm_app.components.toast.ToastOverlay.show$lambda$3' type=android.view.View origin=null
    CALL 'public final fun setViewTreeLifecycleOwner (lifecycleOwner: androidx.lifecycle.LifecycleOwner?): kotlin.Unit declared in androidx.lifecycle.ViewTreeLifecycleOwner' type=kotlin.Unit origin=null
      $receiver: GET_VAR '$this$apply: androidx.compose.ui.platform.ComposeView declared in com.example.qm_app.components.toast.ToastOverlay.show$lambda$3' type=androidx.compose.ui.platform.ComposeView origin=null
      lifecycleOwner: GET_VAR 'val lifecycleOwner: androidx.lifecycle.LifecycleOwner? [val] declared in com.example.qm_app.components.toast.ToastOverlay.show$lambda$3' type=androidx.lifecycle.LifecycleOwner? origin=null
    CALL 'public final fun setViewTreeViewModelStoreOwner (viewModelStoreOwner: androidx.lifecycle.ViewModelStoreOwner?): kotlin.Unit declared in androidx.lifecycle.ViewTreeViewModelStoreOwner' type=kotlin.Unit origin=null
      $receiver: GET_VAR '$this$apply: androidx.compose.ui.platform.ComposeView declared in com.example.qm_app.components.toast.ToastOverlay.show$lambda$3' type=androidx.compose.ui.platform.ComposeView origin=null
      viewModelStoreOwner: CALL 'public final fun findViewTreeViewModelStoreOwner (): androidx.lifecycle.ViewModelStoreOwner? declared in androidx.lifecycle.ViewTreeViewModelStoreOwner' type=androidx.lifecycle.ViewModelStoreOwner? origin=null
        $receiver: GET_VAR '$view: android.view.View declared in com.example.qm_app.components.toast.ToastOverlay.show$lambda$3' type=android.view.View origin=null
    CALL 'public final fun setViewTreeSavedStateRegistryOwner (owner: androidx.savedstate.SavedStateRegistryOwner?): kotlin.Unit declared in androidx.savedstate.ViewTreeSavedStateRegistryOwner' type=kotlin.Unit origin=null
      $receiver: GET_VAR '$this$apply: androidx.compose.ui.platform.ComposeView declared in com.example.qm_app.components.toast.ToastOverlay.show$lambda$3' type=androidx.compose.ui.platform.ComposeView origin=null
      owner: CALL 'public final fun findViewTreeSavedStateRegistryOwner (): androidx.savedstate.SavedStateRegistryOwner? declared in androidx.savedstate.ViewTreeSavedStateRegistryOwner' type=androidx.savedstate.SavedStateRegistryOwner? origin=null
        $receiver: GET_VAR '$view: android.view.View declared in com.example.qm_app.components.toast.ToastOverlay.show$lambda$3' type=android.view.View origin=null
    CALL 'public final fun setViewCompositionStrategy (strategy: androidx.compose.ui.platform.ViewCompositionStrategy): kotlin.Unit [fake_override] declared in androidx.compose.ui.platform.ComposeView' type=kotlin.Unit origin=null
      $this: GET_VAR '$this$apply: androidx.compose.ui.platform.ComposeView declared in com.example.qm_app.components.toast.ToastOverlay.show$lambda$3' type=androidx.compose.ui.platform.ComposeView origin=null
      strategy: GET_FIELD 'FIELD FIELD_FOR_OBJECT_INSTANCE name:INSTANCE type:androidx.compose.ui.platform.ViewCompositionStrategy.DisposeOnDetachedFromWindow visibility:public [final,static] declared in androidx.compose.ui.platform.ViewCompositionStrategy.DisposeOnDetachedFromWindow' type=androidx.compose.ui.platform.ViewCompositionStrategy.DisposeOnDetachedFromWindow origin=null
    COMPOSITE type=kotlin.Unit origin=null
      BLOCK type=kotlin.Unit? origin=FOLDED_SAFE_CALL
        WHEN type=kotlin.Unit? origin=FOLDED_SAFE_CALL
          BRANCH
            if: COMPOSITE type=kotlin.Boolean origin=null
              VAR IR_TEMPORARY_VARIABLE name:tmp0_safe_receiver type:androidx.activity.OnBackPressedDispatcherOwner? [val]
                CALL 'public final fun findViewTreeOnBackPressedDispatcherOwner (): androidx.activity.OnBackPressedDispatcherOwner? declared in androidx.activity.ViewTreeOnBackPressedDispatcherOwner' type=androidx.activity.OnBackPressedDispatcherOwner? origin=null
                  $receiver: GET_VAR '$view: android.view.View declared in com.example.qm_app.components.toast.ToastOverlay.show$lambda$3' type=android.view.View origin=null
              CALL 'public final fun not (): kotlin.Boolean [operator] declared in kotlin.Boolean' type=kotlin.Boolean origin=null
                $this: CALL 'public final fun EQEQ (arg0: kotlin.Any?, arg1: kotlin.Any?): kotlin.Boolean declared in kotlin.internal.ir' type=kotlin.Boolean origin=null
                  arg0: GET_VAR 'val tmp0_safe_receiver: androidx.activity.OnBackPressedDispatcherOwner? [val] declared in com.example.qm_app.components.toast.ToastOverlay.show$lambda$3' type=androidx.activity.OnBackPressedDispatcherOwner? origin=null
                  arg1: CONST Null type=kotlin.Nothing? value=null
            then: CALL 'public final fun let <T, R> (block: kotlin.Function1<T of kotlin.StandardKt.let, R of kotlin.StandardKt.let>): R of kotlin.StandardKt.let [inline] declared in kotlin.StandardKt' type=kotlin.Unit origin=null
              <T>: androidx.activity.OnBackPressedDispatcherOwner
              <R>: kotlin.Unit
              $receiver: GET_VAR 'val tmp0_safe_receiver: androidx.activity.OnBackPressedDispatcherOwner? [val] declared in com.example.qm_app.components.toast.ToastOverlay.show$lambda$3' type=androidx.activity.OnBackPressedDispatcherOwner? origin=null
              block: BLOCK type=kotlin.Function1<androidx.activity.OnBackPressedDispatcherOwner, kotlin.Unit> origin=LAMBDA
                COMPOSITE type=kotlin.Unit origin=null
                FUNCTION_REFERENCE 'private final fun show$lambda$3$lambda$2 ($this_apply: androidx.compose.ui.platform.ComposeView, it: androidx.activity.OnBackPressedDispatcherOwner): kotlin.Unit declared in com.example.qm_app.components.toast.ToastOverlay' type=kotlin.Function1<androidx.activity.OnBackPressedDispatcherOwner, kotlin.Unit> origin=INLINE_LAMBDA reflectionTarget=null
                  $this_apply: GET_VAR '$this$apply: androidx.compose.ui.platform.ComposeView declared in com.example.qm_app.components.toast.ToastOverlay.show$lambda$3' type=androidx.compose.ui.platform.ComposeView origin=null
          BRANCH
            if: CONST Boolean type=kotlin.Boolean value=true
            then: CONST Null type=kotlin.Nothing? value=null

	at org.jetbrains.kotlin.backend.jvm.codegen.FunctionCodegen.generate(FunctionCodegen.kt:47)
	at org.jetbrains.kotlin.backend.jvm.codegen.IrSourceCompilerForInline.generateLambdaBody(IrSourceCompilerForInline.kt:67)
	at org.jetbrains.kotlin.codegen.inline.ExpressionLambda.generateLambdaBody(LambdaInfo.kt:72)
	at org.jetbrains.kotlin.backend.jvm.codegen.IrInlineCodegen.genValueAndPut(IrInlineCodegen.kt:100)
	at org.jetbrains.kotlin.backend.jvm.codegen.ExpressionCodegen.visitCall$handleParameter(ExpressionCodegen.kt:616)
	at org.jetbrains.kotlin.backend.jvm.codegen.ExpressionCodegen.visitCall(ExpressionCodegen.kt:644)
	at org.jetbrains.kotlin.backend.jvm.codegen.ExpressionCodegen.visitCall(ExpressionCodegen.kt:138)
	at org.jetbrains.kotlin.ir.expressions.IrCall.accept(IrCall.kt:24)
	at org.jetbrains.kotlin.backend.jvm.codegen.ExpressionCodegen.visitVariable(ExpressionCodegen.kt:790)
	at org.jetbrains.kotlin.backend.jvm.codegen.ExpressionCodegen.visitVariable(ExpressionCodegen.kt:138)
	at org.jetbrains.kotlin.ir.declarations.IrVariable.accept(IrVariable.kt:36)
	at org.jetbrains.kotlin.backend.jvm.codegen.ExpressionCodegen.visitStatementContainer(ExpressionCodegen.kt:579)
	at org.jetbrains.kotlin.backend.jvm.codegen.ExpressionCodegen.visitBlockBody(ExpressionCodegen.kt:584)
	at org.jetbrains.kotlin.backend.jvm.codegen.ExpressionCodegen.visitBlockBody(ExpressionCodegen.kt:138)
	at org.jetbrains.kotlin.ir.expressions.IrBlockBody.accept(IrBlockBody.kt:20)
	at org.jetbrains.kotlin.backend.jvm.codegen.ExpressionCodegen.generate(ExpressionCodegen.kt:240)
	at org.jetbrains.kotlin.backend.jvm.codegen.FunctionCodegen.doGenerate(FunctionCodegen.kt:123)
	at org.jetbrains.kotlin.backend.jvm.codegen.FunctionCodegen.generate(FunctionCodegen.kt:44)
	... 54 more
Caused by: java.lang.RuntimeException: Exception while generating code for:
FUN INLINE_LAMBDA name:show$lambda$3$lambda$1 visibility:private modality:FINAL <> ($receiver:android.view.ViewGroup.LayoutParams) returnType:kotlin.Unit
  $receiver: VALUE_PARAMETER name:$this$apply type:android.view.ViewGroup.LayoutParams
  BLOCK_BODY
    VAR name:$i$a$-apply-ToastOverlay$show$composeView$1$1 type:kotlin.Int [val]
      CONST Int type=kotlin.Int value=0
    SET_FIELD 'FIELD IR_EXTERNAL_JAVA_DECLARATION_STUB name:gravity type:kotlin.Int visibility:public [final,static] declared in android.R.attr' type=kotlin.Unit superQualifierSymbol=android.R.attr origin=EQ
      value: CONST Int type=kotlin.Int value=1

	at org.jetbrains.kotlin.backend.jvm.codegen.FunctionCodegen.generate(FunctionCodegen.kt:47)
	at org.jetbrains.kotlin.backend.jvm.codegen.IrSourceCompilerForInline.generateLambdaBody(IrSourceCompilerForInline.kt:67)
	at org.jetbrains.kotlin.codegen.inline.ExpressionLambda.generateLambdaBody(LambdaInfo.kt:72)
	at org.jetbrains.kotlin.backend.jvm.codegen.IrInlineCodegen.genValueAndPut(IrInlineCodegen.kt:100)
	at org.jetbrains.kotlin.backend.jvm.codegen.ExpressionCodegen.visitCall$handleParameter(ExpressionCodegen.kt:616)
	at org.jetbrains.kotlin.backend.jvm.codegen.ExpressionCodegen.visitCall(ExpressionCodegen.kt:644)
	at org.jetbrains.kotlin.backend.jvm.codegen.ExpressionCodegen.visitCall(ExpressionCodegen.kt:138)
	at org.jetbrains.kotlin.ir.expressions.IrCall.accept(IrCall.kt:24)
	at org.jetbrains.kotlin.backend.jvm.codegen.ExpressionCodegen.gen(ExpressionCodegen.kt:217)
	at org.jetbrains.kotlin.backend.jvm.codegen.IrCallGenerator.genValueAndPut(IrCallGenerator.kt:48)
	at org.jetbrains.kotlin.backend.jvm.codegen.ExpressionCodegen.visitCall$handleParameter(ExpressionCodegen.kt:616)
	at org.jetbrains.kotlin.backend.jvm.codegen.ExpressionCodegen.visitCall(ExpressionCodegen.kt:644)
	at org.jetbrains.kotlin.backend.jvm.codegen.ExpressionCodegen.visitCall(ExpressionCodegen.kt:138)
	at org.jetbrains.kotlin.ir.expressions.IrCall.accept(IrCall.kt:24)
	at org.jetbrains.kotlin.backend.jvm.codegen.ExpressionCodegen.visitStatementContainer(ExpressionCodegen.kt:579)
	at org.jetbrains.kotlin.backend.jvm.codegen.ExpressionCodegen.visitBlockBody(ExpressionCodegen.kt:584)
	at org.jetbrains.kotlin.backend.jvm.codegen.ExpressionCodegen.visitBlockBody(ExpressionCodegen.kt:138)
	at org.jetbrains.kotlin.ir.expressions.IrBlockBody.accept(IrBlockBody.kt:20)
	at org.jetbrains.kotlin.backend.jvm.codegen.ExpressionCodegen.generate(ExpressionCodegen.kt:240)
	at org.jetbrains.kotlin.backend.jvm.codegen.FunctionCodegen.doGenerate(FunctionCodegen.kt:123)
	at org.jetbrains.kotlin.backend.jvm.codegen.FunctionCodegen.generate(FunctionCodegen.kt:44)
	... 71 more
Caused by: java.lang.AssertionError: access of const val: SET_FIELD 'FIELD IR_EXTERNAL_JAVA_DECLARATION_STUB name:gravity type:kotlin.Int visibility:public [final,static] declared in android.R.attr' type=kotlin.Unit superQualifierSymbol=android.R.attr origin=EQ
  value: CONST Int type=kotlin.Int value=1

	at org.jetbrains.kotlin.backend.jvm.codegen.ExpressionCodegen.visitFieldAccess(ExpressionCodegen.kt:861)
	at org.jetbrains.kotlin.backend.jvm.codegen.ExpressionCodegen.visitFieldAccess(ExpressionCodegen.kt:138)
	at org.jetbrains.kotlin.ir.visitors.IrElementVisitor$DefaultImpls.visitSetField(IrElementVisitor.kt:206)
	at org.jetbrains.kotlin.backend.jvm.codegen.ExpressionCodegen.visitSetField(ExpressionCodegen.kt:908)
	at org.jetbrains.kotlin.backend.jvm.codegen.ExpressionCodegen.visitSetField(ExpressionCodegen.kt:138)
	at org.jetbrains.kotlin.ir.expressions.IrSetField.accept(IrSetField.kt:21)
	at org.jetbrains.kotlin.backend.jvm.codegen.ExpressionCodegen.visitStatementContainer(ExpressionCodegen.kt:579)
	at org.jetbrains.kotlin.backend.jvm.codegen.ExpressionCodegen.visitBlockBody(ExpressionCodegen.kt:584)
	at org.jetbrains.kotlin.backend.jvm.codegen.ExpressionCodegen.visitBlockBody(ExpressionCodegen.kt:138)
	at org.jetbrains.kotlin.ir.expressions.IrBlockBody.accept(IrBlockBody.kt:20)
	at org.jetbrains.kotlin.backend.jvm.codegen.ExpressionCodegen.generate(ExpressionCodegen.kt:240)
	at org.jetbrains.kotlin.backend.jvm.codegen.FunctionCodegen.doGenerate(FunctionCodegen.kt:123)
	at org.jetbrains.kotlin.backend.jvm.codegen.FunctionCodegen.generate(FunctionCodegen.kt:44)
	... 91 more


